<?xml version="1.0" encoding="UTF-8"?>
<!-- Generated by org.testng.reporters.JUnitReportReporter -->
<testsuite skipped="0" hostname="DESKTOP-LHE3BOF" name="com.testClasses.EMICalculatorBaseTest" tests="1" failures="0" timestamp="14 Jun 2020 11:32:38 GMT" time="13.540" errors="0">
  <testcase name="emicalculator" time="13.540" classname="com.testClasses.EMICalculatorBaseTest"/>
</testsuite> <!-- com.testClasses.EMICalculatorBaseTest -->
