<?xml version="1.0" encoding="UTF-8"?>
<!-- Generated by org.testng.reporters.JUnitReportReporter -->
<testsuite skipped="0" hostname="DESKTOP-LHE3BOF" name="testClasses.EMICalculatorTest" tests="1" failures="0" timestamp="14 Jun 2020 06:40:41 GMT" time="14.513" errors="0">
  <testcase name="emicalculator" time="14.513" classname="testClasses.EMICalculatorTest"/>
</testsuite> <!-- testClasses.EMICalculatorTest -->
